
User Signs In and Creates a new Page
[32m  visits root[0m
[32m  clicks on the menu (if needed)[0m
[32m  clicks on Sign In[0m
[32m  should sign in[0m
[32m  should click edit pages[0m
[31m  should click Create Page (FAILED - 1)[0m
[33m  should select a layout (PENDING: Previous step failed)[0m
[33m  should start editing new page (PENDING: Previous step failed)[0m
[33m  should have correct placeholders (PENDING: Previous step failed)[0m
[33m  should fill in metadata (PENDING: Previous step failed)[0m
[33m  should fill in content (PENDING: Previous step failed)[0m
[33m  should save the page (PENDING: Previous step failed)[0m
[33m  should have the edited content (PENDING: Previous step failed)[0m
[31m  step list (FAILED - 2)[0m

Pending:
  [33mUser Signs In and Creates a new Page should select a layout[0m
    # [36mPrevious step failed[0m
    # [36m./features/admin_signs_in_and_creates_page_spec.rb:36[0m
  [33mUser Signs In and Creates a new Page should start editing new page[0m
    # [36mPrevious step failed[0m
    # [36m./features/admin_signs_in_and_creates_page_spec.rb:40[0m
  [33mUser Signs In and Creates a new Page should have correct placeholders[0m
    # [36mPrevious step failed[0m
    # [36m./features/admin_signs_in_and_creates_page_spec.rb:44[0m
  [33mUser Signs In and Creates a new Page should fill in metadata[0m
    # [36mPrevious step failed[0m
    # [36m./features/admin_signs_in_and_creates_page_spec.rb:49[0m
  [33mUser Signs In and Creates a new Page should fill in content[0m
    # [36mPrevious step failed[0m
    # [36m./features/admin_signs_in_and_creates_page_spec.rb:55[0m
  [33mUser Signs In and Creates a new Page should save the page[0m
    # [36mPrevious step failed[0m
    # [36m./features/admin_signs_in_and_creates_page_spec.rb:60[0m
  [33mUser Signs In and Creates a new Page should have the edited content[0m
    # [36mPrevious step failed[0m
    # [36m./features/admin_signs_in_and_creates_page_spec.rb:64[0m

Failures:

  1) User Signs In and Creates a new Page should click Create Page
     [31mFailure/Error: click_on "Create A New Page"[0m
     [31mCapybara::ElementNotFound:[0m
     [31m  Unable to find link or button "Create A New Page"[0m
     [36m# /Users/evan/.rvm/gems/ruby-2.2.2@xing/gems/capybara-2.4.4/lib/capybara/node/finders.rb:41:in `block in find'[0m
     [36m# /Users/evan/.rvm/gems/ruby-2.2.2@xing/gems/capybara-2.4.4/lib/capybara/node/base.rb:84:in `synchronize'[0m
     [36m# /Users/evan/.rvm/gems/ruby-2.2.2@xing/gems/capybara-2.4.4/lib/capybara/node/finders.rb:30:in `find'[0m
     [36m# /Users/evan/.rvm/gems/ruby-2.2.2@xing/gems/capybara-2.4.4/lib/capybara/node/actions.rb:13:in `click_link_or_button'[0m
     [36m# /Users/evan/.rvm/gems/ruby-2.2.2@xing/gems/capybara-2.4.4/lib/capybara/session.rb:676:in `block (2 levels) in <class:Session>'[0m
     [36m# /Users/evan/.rvm/gems/ruby-2.2.2@xing/gems/capybara-2.4.4/lib/capybara/dsl.rb:51:in `block (2 levels) in <module:DSL>'[0m
     [36m# ./features/admin_signs_in_and_creates_page_spec.rb:33:in `block (2 levels) in <top (required)>'[0m
     [36m# /Users/evan/.rvm/gems/ruby-2.2.2@xing/gems/rspec-steps-1.0.7/lib/rspec-steps/stepwise.rb:49:in `block (3 levels) in build_example_block'[0m
     [36m# /Users/evan/.rvm/gems/ruby-2.2.2@xing/gems/rspec-steps-1.0.7/lib/rspec-steps/stepwise.rb:256:in `with_indelible_ivars'[0m
     [36m# /Users/evan/.rvm/gems/ruby-2.2.2@xing/gems/rspec-steps-1.0.7/lib/rspec-steps/stepwise.rb:48:in `block (2 levels) in build_example_block'[0m
     [36m# /Users/evan/.rvm/gems/ruby-2.2.2@xing/gems/rspec-steps-1.0.7/lib/rspec-steps/stepwise.rb:37:in `each'[0m
     [36m# /Users/evan/.rvm/gems/ruby-2.2.2@xing/gems/rspec-steps-1.0.7/lib/rspec-steps/stepwise.rb:37:in `inject'[0m
     [36m# /Users/evan/.rvm/gems/ruby-2.2.2@xing/gems/rspec-steps-1.0.7/lib/rspec-steps/stepwise.rb:37:in `block in build_example_block'[0m
     [36m# /Users/evan/.rvm/gems/ruby-2.2.2@xing/gems/rspec-steps-1.0.7/lib/rspec-steps/stepwise.rb:245:in `block in run_examples'[0m
     [36m# /Users/evan/.rvm/gems/ruby-2.2.2@xing/gems/rspec-steps-1.0.7/lib/rspec-steps/stepwise.rb:103:in `suspend_transactional_fixtures'[0m
     [36m# /Users/evan/.rvm/gems/ruby-2.2.2@xing/gems/rspec-steps-1.0.7/lib/rspec-steps/stepwise.rb:244:in `run_examples'[0m

  2) User Signs In and Creates a new Page step list
     [31mFailure/Error: example.run(self, reporter)[0m
     [31mCapybara::ElementNotFound:[0m
     [31m  Unable to find link or button "Create A New Page"[0m
     [36m# /Users/evan/.rvm/gems/ruby-2.2.2@xing/gems/capybara-2.4.4/lib/capybara/node/finders.rb:41:in `block in find'[0m
     [36m# /Users/evan/.rvm/gems/ruby-2.2.2@xing/gems/capybara-2.4.4/lib/capybara/node/base.rb:84:in `synchronize'[0m
     [36m# /Users/evan/.rvm/gems/ruby-2.2.2@xing/gems/capybara-2.4.4/lib/capybara/node/finders.rb:30:in `find'[0m
     [36m# /Users/evan/.rvm/gems/ruby-2.2.2@xing/gems/capybara-2.4.4/lib/capybara/node/actions.rb:13:in `click_link_or_button'[0m
     [36m# /Users/evan/.rvm/gems/ruby-2.2.2@xing/gems/capybara-2.4.4/lib/capybara/session.rb:676:in `block (2 levels) in <class:Session>'[0m
     [36m# /Users/evan/.rvm/gems/ruby-2.2.2@xing/gems/capybara-2.4.4/lib/capybara/dsl.rb:51:in `block (2 levels) in <module:DSL>'[0m
     [36m# ./features/admin_signs_in_and_creates_page_spec.rb:33:in `block (2 levels) in <top (required)>'[0m
     [36m# /Users/evan/.rvm/gems/ruby-2.2.2@xing/gems/rspec-steps-1.0.7/lib/rspec-steps/stepwise.rb:49:in `block (3 levels) in build_example_block'[0m
     [36m# /Users/evan/.rvm/gems/ruby-2.2.2@xing/gems/rspec-steps-1.0.7/lib/rspec-steps/stepwise.rb:256:in `with_indelible_ivars'[0m
     [36m# /Users/evan/.rvm/gems/ruby-2.2.2@xing/gems/rspec-steps-1.0.7/lib/rspec-steps/stepwise.rb:48:in `block (2 levels) in build_example_block'[0m
     [36m# /Users/evan/.rvm/gems/ruby-2.2.2@xing/gems/rspec-steps-1.0.7/lib/rspec-steps/stepwise.rb:37:in `each'[0m
     [36m# /Users/evan/.rvm/gems/ruby-2.2.2@xing/gems/rspec-steps-1.0.7/lib/rspec-steps/stepwise.rb:37:in `inject'[0m
     [36m# /Users/evan/.rvm/gems/ruby-2.2.2@xing/gems/rspec-steps-1.0.7/lib/rspec-steps/stepwise.rb:37:in `block in build_example_block'[0m
     [36m# /Users/evan/.rvm/gems/ruby-2.2.2@xing/gems/rspec-steps-1.0.7/lib/rspec-steps/stepwise.rb:245:in `block in run_examples'[0m
     [36m# /Users/evan/.rvm/gems/ruby-2.2.2@xing/gems/rspec-steps-1.0.7/lib/rspec-steps/stepwise.rb:103:in `suspend_transactional_fixtures'[0m
     [36m# /Users/evan/.rvm/gems/ruby-2.2.2@xing/gems/rspec-steps-1.0.7/lib/rspec-steps/stepwise.rb:244:in `run_examples'[0m

Finished in 15.03 seconds (files took 2.5 seconds to load)
[31m14 examples, 2 failures, 7 pending[0m

Failed examples:

[31mrspec ./features/admin_signs_in_and_creates_page_spec.rb:31[0m [36m# User Signs In and Creates a new Page should click Create Page[0m
[31mrspec /Users/evan/.rvm/gems/ruby-2.2.2@xing/gems/rspec-steps-1.0.7/lib/rspec-steps/stepwise.rb:17[0m [36m# User Signs In and Creates a new Page step list[0m
